<?xml version="1.0" encoding="UTF-8"?>
<testng-results ignored="0" total="1" passed="1" failed="0" skipped="0">
  <reporter-output>
  </reporter-output>
  <suite started-at="2022-10-08T05:53:45Z" name="Default suite" finished-at="2022-10-08T05:54:31Z" duration-ms="45938">
    <groups>
    </groups>
    <test started-at="2022-10-08T05:53:45Z" name="Default test" finished-at="2022-10-08T05:54:31Z" duration-ms="45938">
      <class name="com.theinternet.SearchBar">
        <test-method signature="registrationTest()[pri:0, instance:com.theinternet.SearchBar@60b4beb4]" started-at="2022-10-08T05:53:45Z" name="registrationTest" finished-at="2022-10-08T05:54:31Z" duration-ms="45911" status="PASS">
          <reporter-output>
          </reporter-output>
        </test-method> <!-- registrationTest -->
      </class> <!-- com.theinternet.SearchBar -->
    </test> <!-- Default test -->
  </suite> <!-- Default suite -->
</testng-results>
