<?xml version="1.0" encoding="UTF-8"?>
<!-- Generated by org.testng.reporters.JUnitXMLReporter -->
<testsuite ignored="0" hostname="LAPTOP-ULD5OS12" failures="0" tests="3" name="ChromeTest" time="59.264" errors="0" timestamp="2022-10-18T12:10:27 IST">
  <testcase classname="Ecommerce.Testing" name="home" time="53.227"/>
  <testcase classname="Ecommerce.Testing" name="search" time="3.066"/>
  <testcase classname="Ecommerce.Testing" name="pageHeight" time="0.01"/>
</testsuite> <!-- ChromeTest -->
